Se inicio la aplicación el dia 2023-03-25 12:43:54
Acceso a la pagina de registro el dia 2023-03-25 12:44:06
Registro denagado, el correo: daniellizama17@gmail.com ya fue registrado anteriormente 2023-03-25 12:44:12
Acceso a la pagina de registro el dia 2023-03-25 12:44:12
Usuario registrado: jonatha@gmail.com el dia 2023-03-25 12:44:41
Acceso al Login el dia 2023-03-25 12:44:41
Acceso concedido para el usuario jonatha@gmail.com el dia 2023-03-25 12:44:51
Sesion cerrada el dia 2023-03-25 12:45:11
Se inicio la aplicación el dia 2023-03-25 12:45:11
Acceso a la pagina de registro el dia 2023-03-25 12:52:23
Se inicio la aplicación el dia 2023-03-25 18:04:12
Acceso al Login el dia 2023-03-25 18:04:25
Acceso a la pagina de registro el dia 2023-03-25 18:04:26
Se inicio la aplicación el dia 2023-03-25 18:06:32
Se inicio la aplicación el dia 2023-03-25 18:06:34
Se inicio la aplicación el dia 2023-03-25 18:06:35
Se inicio la aplicación el dia 2023-03-25 18:06:35
Se inicio la aplicación el dia 2023-03-25 18:06:35
Acceso al Login el dia 2023-03-25 18:07:46
Acceso concedido para el usuario daniellizama17@gmail.com el dia 2023-03-25 18:07:49
Sesion cerrada el dia 2023-03-25 18:07:56
Se inicio la aplicación el dia 2023-03-25 18:07:56
Se inicio la aplicación el dia 2023-03-25 18:19:15
Se inicio la aplicación el dia 2023-03-25 18:19:17
Se inicio la aplicación el dia 2023-03-25 18:24:41
Se inicio la aplicación el dia 2023-03-25 18:24:42
Se inicio la aplicación el dia 2023-03-25 18:24:54
Se inicio la aplicación el dia 2023-03-26 16:41:10
Se inicio la aplicación el dia 2023-03-26 17:13:33
Acceso a la pagina de registro el dia 2023-03-26 17:14:12
Usuario registrado: daniellizama17@gmail.com el dia 2023-03-26 17:14:42
Acceso al Login el dia 2023-03-26 17:14:43
Acceso denegado, usuario: daniellizama17@gmail.com password incorrecto, el dia 2023-03-26 17:15:04
Acceso al Login el dia 2023-03-26 17:15:04
Acceso denegado, usuario: daniellizama17@gmail.com password incorrecto, el dia 2023-03-26 17:15:08
Acceso al Login el dia 2023-03-26 17:15:08
Acceso denegado, usuario: daniellizama17@gmail.com password incorrecto, el dia 2023-03-26 17:15:47
Acceso al Login el dia 2023-03-26 17:15:47
Se inicio la aplicación el dia 2023-03-26 17:18:14
Acceso al Login el dia 2023-03-26 17:18:18
Acceso denegado, usuario: daniellizama17@gmail.com password incorrecto, el dia 2023-03-26 17:18:20
Acceso al Login el dia 2023-03-26 17:18:20
Acceso denegado, usuario: daniellizama17@gmail.com password incorrecto, el dia 2023-03-26 17:18:43
Acceso al Login el dia 2023-03-26 17:18:43
Acceso denegado, usuario: daniellizama17@gmail.com password incorrecto, el dia 2023-03-26 17:18:44
Acceso al Login el dia 2023-03-26 17:18:45
Acceso denegado, usuario: daniellizama17@gmail.com password incorrecto, el dia 2023-03-26 17:18:45
Acceso al Login el dia 2023-03-26 17:18:46
Acceso denegado, usuario: daniellizama17@gmail.com password incorrecto, el dia 2023-03-26 17:18:47
Acceso al Login el dia 2023-03-26 17:18:47
Acceso denegado, usuario: daniellizama17@gmail.com password incorrecto, el dia 2023-03-26 17:18:49
Acceso al Login el dia 2023-03-26 17:18:49
Se inicio la aplicación el dia 2023-03-26 17:23:02
Acceso a la pagina de registro el dia 2023-03-26 17:23:07
Usuario registrado: daniellizama17@gmail.com el dia 2023-03-26 17:24:18
Acceso al Login el dia 2023-03-26 17:24:19
Acceso concedido para el usuario daniellizama17@gmail.com el dia 2023-03-26 17:25:47
Sesion cerrada el dia 2023-03-26 17:33:38
Se inicio la aplicación el dia 2023-03-26 17:33:38
Acceso a la pagina de registro el dia 2023-03-26 17:33:39
Usuario registrado: pedroDomenzain@gmail.com el dia 2023-03-26 17:34:03
Acceso al Login el dia 2023-03-26 17:34:03
Acceso concedido para el usuario pedroDomenzain@gmail.com el dia 2023-03-26 17:34:12
Sesion cerrada el dia 2023-03-26 17:34:22
Se inicio la aplicación el dia 2023-03-26 17:34:22
Se inicio la aplicación el dia 2023-03-26 17:34:42
Se inicio la aplicación el dia 2023-03-26 18:03:40
Se inicio la aplicación el dia 2023-03-26 18:04:34
Se inicio la aplicación el dia 2023-03-26 18:04:51
Se inicio la aplicación el dia 2023-03-26 18:04:53
Acceso al Login el dia 2023-03-26 18:04:55
Se inicio la aplicación el dia 2023-03-26 18:12:39
Se inicio la aplicación el dia 2023-03-26 18:14:55
Acceso al Login el dia 2023-03-26 18:19:28
Acceso a la pagina de registro el dia 2023-03-26 18:19:30
Se inicio la aplicación el dia 2023-03-26 18:19:38
Se inicio la aplicación el dia 2023-03-26 18:20:11
Se inicio la aplicación el dia 2023-03-26 18:22:08
Se inicio la aplicación el dia 2023-03-26 18:23:14
Se inicio la aplicación el dia 2023-03-26 18:24:38
Se inicio la aplicación el dia 2023-03-26 18:40:09
Se inicio la aplicación el dia 2023-03-26 18:40:42
Se inicio la aplicación el dia 2023-03-26 18:44:50
Se inicio la aplicación el dia 2023-03-26 18:44:58
Se inicio la aplicación el dia 2023-03-26 18:46:48
Se inicio la aplicación el dia 2023-03-26 18:46:52
Se inicio la aplicación el dia 2023-03-26 18:48:14
Se inicio la aplicación el dia 2023-03-26 18:48:14
Se inicio la aplicación el dia 2023-03-26 18:50:06
Se inicio la aplicación el dia 2023-03-26 18:50:21
Se inicio la aplicación el dia 2023-03-26 18:51:15
Se inicio la aplicación el dia 2023-03-26 18:52:11
Se inicio la aplicación el dia 2023-03-26 18:54:49
Se inicio la aplicación el dia 2023-03-26 18:54:51
Se inicio la aplicación el dia 2023-03-26 18:56:08
Se inicio la aplicación el dia 2023-03-26 18:56:09
Se inicio la aplicación el dia 2023-03-26 18:56:11
Se inicio la aplicación el dia 2023-03-26 18:57:46
Se inicio la aplicación el dia 2023-03-26 18:57:47
Se inicio la aplicación el dia 2023-03-26 18:57:48
Se inicio la aplicación el dia 2023-03-26 18:58:16
Se inicio la aplicación el dia 2023-03-26 18:58:17
Se inicio la aplicación el dia 2023-03-26 18:58:49
Se inicio la aplicación el dia 2023-03-26 18:58:50
Se inicio la aplicación el dia 2023-03-26 18:59:13
Se inicio la aplicación el dia 2023-03-26 18:59:50
Se inicio la aplicación el dia 2023-03-26 18:59:52
Se inicio la aplicación el dia 2023-03-26 19:00:45
Se inicio la aplicación el dia 2023-03-26 19:00:47
Se inicio la aplicación el dia 2023-03-26 19:00:48
Se inicio la aplicación el dia 2023-03-26 19:01:23
Se inicio la aplicación el dia 2023-03-26 19:02:03
Se inicio la aplicación el dia 2023-03-26 19:04:03
Se inicio la aplicación el dia 2023-03-26 19:08:39
Se inicio la aplicación el dia 2023-03-26 19:08:54
Se inicio la aplicación el dia 2023-03-26 19:09:35
Se inicio la aplicación el dia 2023-03-26 19:09:47
Se inicio la aplicación el dia 2023-03-26 19:14:12
Se inicio la aplicación el dia 2023-03-26 19:14:19
Se inicio la aplicación el dia 2023-03-26 19:14:51
Se inicio la aplicación el dia 2023-03-26 19:15:15
Se inicio la aplicación el dia 2023-03-26 19:15:26
Se inicio la aplicación el dia 2023-03-26 19:16:07
Se inicio la aplicación el dia 2023-03-26 19:18:06
Se inicio la aplicación el dia 2023-03-26 19:18:16
Se inicio la aplicación el dia 2023-03-26 19:19:15
Se inicio la aplicación el dia 2023-03-26 19:20:02
Se inicio la aplicación el dia 2023-03-26 19:20:22
Se inicio la aplicación el dia 2023-03-26 19:26:31
Se inicio la aplicación el dia 2023-03-26 19:31:33
Se inicio la aplicación el dia 2023-03-26 19:31:36
Se inicio la aplicación el dia 2023-03-26 19:34:40
Acceso al Login el dia 2023-03-26 19:34:44
Acceso al Login el dia 2023-03-26 19:38:19
Acceso al Login el dia 2023-03-26 19:40:56
Se inicio la aplicación el dia 2023-03-26 19:40:58
Acceso a la pagina de registro el dia 2023-03-26 19:41:01
Acceso al Login el dia 2023-03-26 19:41:05
Se inicio la aplicación el dia 2023-03-26 19:48:59
Acceso al Login el dia 2023-03-26 19:50:43
Acceso concedido para el usuario daniellizama17@gmail.com el dia 2023-03-26 19:50:47
Sesion cerrada el dia 2023-03-26 19:51:07
Se inicio la aplicación el dia 2023-03-26 19:51:07
Acceso al Login el dia 2023-03-26 19:51:10
Acceso concedido para el usuario pedroDomenzain@gmail.com el dia 2023-03-26 19:51:13
Sesion cerrada el dia 2023-03-26 19:51:20
Se inicio la aplicación el dia 2023-03-26 19:51:20
Se inicio la aplicación el dia 2023-03-26 19:54:35
Se inicio la aplicación el dia 2023-03-26 20:02:54
Acceso al Login el dia 2023-03-26 20:02:59
Acceso concedido para el usuario daniellizama17@gmail.com el dia 2023-03-26 20:03:02
Sesion cerrada el dia 2023-03-26 20:04:02
Se inicio la aplicación el dia 2023-03-26 20:04:02
Acceso al Login el dia 2023-03-26 20:04:06
Acceso concedido para el usuario pedroDomenzain@gmail.com el dia 2023-03-26 20:04:09
Sesion cerrada el dia 2023-03-26 20:04:22
Se inicio la aplicación el dia 2023-03-26 20:04:22
Se inicio la aplicación el dia 2023-03-26 20:08:55
Acceso al Login el dia 2023-03-26 20:08:58
Acceso concedido para el usuario daniellizama17@gmail.com el dia 2023-03-26 20:09:03
Sesion cerrada el dia 2023-03-26 20:36:14
Se inicio la aplicación el dia 2023-03-26 20:36:14
Acceso al Login el dia 2023-03-26 20:36:17
Acceso concedido para el usuario pedroDomenzain@gmail.com el dia 2023-03-26 20:36:21
Sesion cerrada el dia 2023-03-26 20:36:26
Se inicio la aplicación el dia 2023-03-26 20:36:26
Se inicio la aplicación el dia 2023-03-26 20:38:28
Acceso al Login el dia 2023-03-26 20:38:30
Acceso concedido para el usuario daniellizama17@gmail.com el dia 2023-03-26 20:38:34
Sesion cerrada el dia 2023-03-26 20:47:13
Se inicio la aplicación el dia 2023-03-26 20:47:13
Acceso al Login el dia 2023-03-26 20:47:15
Acceso concedido para el usuario pedroDomenzain@gmail.com el dia 2023-03-26 20:47:19
Sesion cerrada el dia 2023-03-26 20:48:27
Se inicio la aplicación el dia 2023-03-26 20:48:27
Acceso al Login el dia 2023-03-26 20:48:38
Se inicio la aplicación el dia 2023-03-26 20:49:16
Acceso al Login el dia 2023-03-26 20:49:24
Se inicio la aplicación el dia 2023-03-26 20:49:44
Acceso al Login el dia 2023-03-26 20:49:46
Se inicio la aplicación el dia 2023-04-19 12:27:05
Se inicio la aplicación el dia 2023-04-19 12:28:27
Acceso al Login el dia 2023-04-19 12:28:31
